{"total": {"lines":{"total":263,"covered":171,"skipped":0,"pct":65.01},"statements":{"total":268,"covered":174,"skipped":0,"pct":64.92},"functions":{"total":44,"covered":24,"skipped":0,"pct":54.54},"branches":{"total":28,"covered":9,"skipped":0,"pct":32.14},"branchesTrue":{"total":0,"covered":0,"skipped":0,"pct":100}}
,"/Users/bigupjoshua/Desktop/La_Fosse/LAP2/real-project-week/SQL-Injectors/backend/api.js": {"lines":{"total":18,"covered":18,"skipped":0,"pct":100},"functions":{"total":1,"covered":1,"skipped":0,"pct":100},"statements":{"total":18,"covered":18,"skipped":0,"pct":100},"branches":{"total":0,"covered":0,"skipped":0,"pct":100}}
,"/Users/bigupjoshua/Desktop/La_Fosse/LAP2/real-project-week/SQL-Injectors/backend/controllers/book.js": {"lines":{"total":26,"covered":13,"skipped":0,"pct":50},"functions":{"total":4,"covered":2,"skipped":0,"pct":50},"statements":{"total":26,"covered":13,"skipped":0,"pct":50},"branches":{"total":0,"covered":0,"skipped":0,"pct":100}}
,"/Users/bigupjoshua/Desktop/La_Fosse/LAP2/real-project-week/SQL-Injectors/backend/controllers/classes.js": {"lines":{"total":29,"covered":22,"skipped":0,"pct":75.86},"functions":{"total":4,"covered":3,"skipped":0,"pct":75},"statements":{"total":29,"covered":22,"skipped":0,"pct":75.86},"branches":{"total":6,"covered":5,"skipped":0,"pct":83.33}}
,"/Users/bigupjoshua/Desktop/La_Fosse/LAP2/real-project-week/SQL-Injectors/backend/controllers/reviews.js": {"lines":{"total":26,"covered":6,"skipped":0,"pct":23.07},"functions":{"total":4,"covered":0,"skipped":0,"pct":0},"statements":{"total":26,"covered":6,"skipped":0,"pct":23.07},"branches":{"total":0,"covered":0,"skipped":0,"pct":100}}
,"/Users/bigupjoshua/Desktop/La_Fosse/LAP2/real-project-week/SQL-Injectors/backend/controllers/user.js": {"lines":{"total":21,"covered":19,"skipped":0,"pct":90.47},"functions":{"total":2,"covered":2,"skipped":0,"pct":100},"statements":{"total":22,"covered":20,"skipped":0,"pct":90.9},"branches":{"total":2,"covered":1,"skipped":0,"pct":50}}
,"/Users/bigupjoshua/Desktop/La_Fosse/LAP2/real-project-week/SQL-Injectors/backend/database/connect.js": {"lines":{"total":5,"covered":5,"skipped":0,"pct":100},"functions":{"total":0,"covered":0,"skipped":0,"pct":100},"statements":{"total":5,"covered":5,"skipped":0,"pct":100},"branches":{"total":0,"covered":0,"skipped":0,"pct":100}}
,"/Users/bigupjoshua/Desktop/La_Fosse/LAP2/real-project-week/SQL-Injectors/backend/middleware/authenticator.js": {"lines":{"total":11,"covered":2,"skipped":0,"pct":18.18},"functions":{"total":1,"covered":0,"skipped":0,"pct":0},"statements":{"total":11,"covered":2,"skipped":0,"pct":18.18},"branches":{"total":4,"covered":0,"skipped":0,"pct":0}}
,"/Users/bigupjoshua/Desktop/La_Fosse/LAP2/real-project-week/SQL-Injectors/backend/middleware/logger.js": {"lines":{"total":3,"covered":3,"skipped":0,"pct":100},"functions":{"total":1,"covered":1,"skipped":0,"pct":100},"statements":{"total":3,"covered":3,"skipped":0,"pct":100},"branches":{"total":0,"covered":0,"skipped":0,"pct":100}}
,"/Users/bigupjoshua/Desktop/La_Fosse/LAP2/real-project-week/SQL-Injectors/backend/models/Classes.js": {"lines":{"total":16,"covered":13,"skipped":0,"pct":81.25},"functions":{"total":7,"covered":5,"skipped":0,"pct":71.42},"statements":{"total":18,"covered":14,"skipped":0,"pct":77.77},"branches":{"total":2,"covered":1,"skipped":0,"pct":50}}
,"/Users/bigupjoshua/Desktop/La_Fosse/LAP2/real-project-week/SQL-Injectors/backend/models/book.js": {"lines":{"total":20,"covered":12,"skipped":0,"pct":60},"functions":{"total":6,"covered":4,"skipped":0,"pct":66.66},"statements":{"total":21,"covered":13,"skipped":0,"pct":61.9},"branches":{"total":2,"covered":0,"skipped":0,"pct":0}}
,"/Users/bigupjoshua/Desktop/La_Fosse/LAP2/real-project-week/SQL-Injectors/backend/models/reviews.js": {"lines":{"total":19,"covered":2,"skipped":0,"pct":10.52},"functions":{"total":6,"covered":0,"skipped":0,"pct":0},"statements":{"total":20,"covered":2,"skipped":0,"pct":10},"branches":{"total":4,"covered":0,"skipped":0,"pct":0}}
,"/Users/bigupjoshua/Desktop/La_Fosse/LAP2/real-project-week/SQL-Injectors/backend/models/token.js": {"lines":{"total":20,"covered":15,"skipped":0,"pct":75},"functions":{"total":4,"covered":3,"skipped":0,"pct":75},"statements":{"total":20,"covered":15,"skipped":0,"pct":75},"branches":{"total":4,"covered":1,"skipped":0,"pct":25}}
,"/Users/bigupjoshua/Desktop/La_Fosse/LAP2/real-project-week/SQL-Injectors/backend/models/user.js": {"lines":{"total":18,"covered":10,"skipped":0,"pct":55.55},"functions":{"total":4,"covered":3,"skipped":0,"pct":75},"statements":{"total":18,"covered":10,"skipped":0,"pct":55.55},"branches":{"total":4,"covered":1,"skipped":0,"pct":25}}
,"/Users/bigupjoshua/Desktop/La_Fosse/LAP2/real-project-week/SQL-Injectors/backend/routers/book.js": {"lines":{"total":9,"covered":9,"skipped":0,"pct":100},"functions":{"total":0,"covered":0,"skipped":0,"pct":100},"statements":{"total":9,"covered":9,"skipped":0,"pct":100},"branches":{"total":0,"covered":0,"skipped":0,"pct":100}}
,"/Users/bigupjoshua/Desktop/La_Fosse/LAP2/real-project-week/SQL-Injectors/backend/routers/classes.js": {"lines":{"total":7,"covered":7,"skipped":0,"pct":100},"functions":{"total":0,"covered":0,"skipped":0,"pct":100},"statements":{"total":7,"covered":7,"skipped":0,"pct":100},"branches":{"total":0,"covered":0,"skipped":0,"pct":100}}
,"/Users/bigupjoshua/Desktop/La_Fosse/LAP2/real-project-week/SQL-Injectors/backend/routers/reviews.js": {"lines":{"total":9,"covered":9,"skipped":0,"pct":100},"functions":{"total":0,"covered":0,"skipped":0,"pct":100},"statements":{"total":9,"covered":9,"skipped":0,"pct":100},"branches":{"total":0,"covered":0,"skipped":0,"pct":100}}
,"/Users/bigupjoshua/Desktop/La_Fosse/LAP2/real-project-week/SQL-Injectors/backend/routers/user.js": {"lines":{"total":6,"covered":6,"skipped":0,"pct":100},"functions":{"total":0,"covered":0,"skipped":0,"pct":100},"statements":{"total":6,"covered":6,"skipped":0,"pct":100},"branches":{"total":0,"covered":0,"skipped":0,"pct":100}}
}
