TN:
SF:api.js
FN:22,(anonymous_0)
FNF:1
FNH:1
FNDA:2,(anonymous_0)
DA:1,5
DA:2,5
DA:4,5
DA:6,5
DA:7,5
DA:8,5
DA:9,5
DA:10,5
DA:11,5
DA:14,5
DA:16,5
DA:17,5
DA:18,5
DA:22,5
DA:23,2
DA:29,5
DA:30,5
DA:31,5
DA:32,5
DA:33,5
DA:34,5
DA:36,5
LF:22
LH:22
BRF:0
BRH:0
end_of_record
TN:
SF:controllers/book.js
FN:3,(anonymous_0)
FN:12,(anonymous_1)
FN:22,(anonymous_2)
FN:33,(anonymous_3)
FNF:4
FNH:2
FNDA:2,(anonymous_0)
FNDA:0,(anonymous_1)
FNDA:1,(anonymous_2)
FNDA:0,(anonymous_3)
DA:1,6
DA:3,6
DA:4,2
DA:5,2
DA:6,2
DA:8,0
DA:12,6
DA:13,0
DA:14,0
DA:15,0
DA:16,0
DA:18,0
DA:22,6
DA:23,1
DA:24,1
DA:25,1
DA:26,0
DA:27,0
DA:29,1
DA:33,6
DA:34,0
DA:35,0
DA:36,0
DA:37,0
DA:39,0
DA:41,0
DA:45,6
LF:27
LH:13
BRF:0
BRH:0
end_of_record
TN:
SF:controllers/classes.js
FN:3,index
FN:15,show
FN:28,getIdByName
FN:45,filterItems
FNF:4
FNH:3
FNDA:3,index
FNDA:3,show
FNDA:0,getIdByName
FNDA:3,filterItems
DA:1,6
DA:4,3
DA:5,3
DA:6,3
DA:7,1
DA:9,2
DA:11,0
DA:16,3
DA:17,3
DA:18,3
DA:22,3
DA:24,0
DA:29,0
DA:30,0
DA:31,0
DA:32,0
DA:33,0
DA:37,0
DA:38,0
DA:46,3
DA:47,3
DA:48,3
DA:49,3
DA:50,3
DA:52,3
DA:53,0
DA:55,2
DA:57,1
DA:75,6
LF:29
LH:19
BRDA:6,0,0,1
BRDA:6,0,1,2
BRDA:52,1,0,0
BRDA:52,1,1,2
BRF:4
BRH:3
end_of_record
TN:
SF:controllers/profile.js
FN:3,(anonymous_0)
FN:13,(anonymous_1)
FN:26,(anonymous_2)
FNF:3
FNH:2
FNDA:1,(anonymous_0)
FNDA:1,(anonymous_1)
FNDA:0,(anonymous_2)
DA:1,6
DA:3,6
DA:4,1
DA:5,1
DA:6,1
DA:7,1
DA:9,0
DA:13,6
DA:14,1
DA:15,1
DA:16,1
DA:17,1
DA:21,0
DA:26,6
DA:27,0
DA:29,0
DA:30,0
DA:31,0
DA:32,0
DA:34,0
DA:35,0
DA:38,0
DA:39,0
DA:41,0
DA:44,0
DA:45,0
DA:49,6
LF:27
LH:13
BRDA:34,0,0,0
BRDA:34,0,1,0
BRF:2
BRH:0
end_of_record
TN:
SF:controllers/reviews.js
FN:3,(anonymous_0)
FN:12,(anonymous_1)
FN:25,(anonymous_2)
FN:35,(anonymous_3)
FNF:4
FNH:2
FNDA:3,(anonymous_0)
FNDA:3,(anonymous_1)
FNDA:0,(anonymous_2)
FNDA:0,(anonymous_3)
DA:1,6
DA:3,6
DA:4,3
DA:5,3
DA:6,1
DA:8,2
DA:12,6
DA:13,3
DA:14,3
DA:15,2
DA:16,1
DA:17,0
DA:19,1
DA:21,2
DA:25,6
DA:26,0
DA:27,0
DA:28,0
DA:29,0
DA:31,0
DA:35,6
DA:36,0
DA:37,0
DA:38,0
DA:39,0
DA:41,0
DA:43,0
DA:47,6
LF:28
LH:16
BRDA:16,0,0,0
BRDA:16,0,1,1
BRF:2
BRH:1
end_of_record
TN:
SF:controllers/token.js
FN:3,show
FNF:1
FNH:1
FNDA:2,show
DA:1,6
DA:4,2
DA:5,2
DA:6,2
DA:7,1
DA:8,1
DA:10,1
DA:11,1
DA:12,1
DA:13,1
DA:17,0
DA:23,6
LF:12
LH:11
BRDA:6,0,0,1
BRDA:6,0,1,1
BRF:2
BRH:2
end_of_record
TN:
SF:controllers/user.js
FN:6,register
FN:20,login
FNF:2
FNH:2
FNDA:3,register
FNDA:2,login
DA:1,6
DA:3,6
DA:4,6
DA:7,3
DA:9,3
DA:10,3
DA:12,3
DA:13,2
DA:14,2
DA:16,1
DA:21,2
DA:22,2
DA:23,2
DA:26,2
DA:28,2
DA:29,1
DA:31,1
DA:32,1
DA:33,1
DA:37,1
DA:41,6
LF:21
LH:21
BRDA:28,0,0,1
BRDA:28,0,1,1
BRF:2
BRH:2
end_of_record
TN:
SF:database/connect.js
FNF:0
FNH:0
DA:1,17
DA:3,17
DA:5,17
DA:9,17
DA:11,17
LF:5
LH:5
BRF:0
BRH:0
end_of_record
TN:
SF:middleware/authenticator.js
FN:3,authenticator
FNF:1
FNH:0
FNDA:0,authenticator
DA:1,5
DA:4,0
DA:5,0
DA:7,0
DA:8,0
DA:10,0
DA:11,0
DA:12,0
DA:14,0
DA:18,0
DA:22,5
LF:11
LH:2
BRDA:7,0,0,0
BRDA:7,0,1,0
BRDA:11,1,0,0
BRDA:11,1,1,0
BRF:4
BRH:0
end_of_record
TN:
SF:middleware/logger.js
FN:1,logRoutes
FNF:1
FNH:1
FNDA:11,logRoutes
DA:2,11
DA:3,11
DA:6,5
LF:3
LH:3
BRF:0
BRH:0
end_of_record
TN:
SF:models/Classes.js
FN:5,(anonymous_0)
FN:14,(anonymous_1)
FN:16,(anonymous_2)
FN:19,(anonymous_3)
FN:29,(anonymous_4)
FN:34,(anonymous_5)
FN:38,(anonymous_6)
FNF:7
FNH:7
FNDA:11,(anonymous_0)
FNDA:3,(anonymous_1)
FNDA:5,(anonymous_2)
FNDA:4,(anonymous_3)
FNDA:2,(anonymous_4)
FNDA:2,(anonymous_5)
FNDA:3,(anonymous_6)
DA:1,7
DA:6,11
DA:7,11
DA:8,11
DA:9,11
DA:10,11
DA:15,3
DA:16,5
DA:20,4
DA:21,4
DA:23,2
DA:25,2
DA:30,2
DA:31,1
DA:36,2
DA:38,3
DA:49,7
LF:17
LH:17
BRF:0
BRH:0
end_of_record
TN:
SF:models/book.js
FN:4,(anonymous_0)
FN:11,(anonymous_1)
FN:13,(anonymous_2)
FN:16,(anonymous_3)
FN:24,(anonymous_4)
FN:32,(anonymous_5)
FNF:6
FNH:4
FNDA:1,(anonymous_0)
FNDA:1,(anonymous_1)
FNDA:1,(anonymous_2)
FNDA:0,(anonymous_3)
FNDA:1,(anonymous_4)
FNDA:0,(anonymous_5)
DA:1,7
DA:5,1
DA:6,1
DA:7,1
DA:8,1
DA:12,1
DA:13,1
DA:17,0
DA:18,0
DA:19,0
DA:21,0
DA:25,1
DA:26,1
DA:27,1
DA:28,0
DA:29,0
DA:33,0
DA:34,0
DA:39,7
LF:19
LH:11
BRDA:18,0,0,0
BRDA:18,0,1,0
BRF:2
BRH:0
end_of_record
TN:
SF:models/profile.js
FN:5,(anonymous_0)
FN:13,(anonymous_1)
FN:15,(anonymous_2)
FN:19,(anonymous_3)
FN:27,(anonymous_4)
FNF:5
FNH:0
FNDA:0,(anonymous_0)
FNDA:0,(anonymous_1)
FNDA:0,(anonymous_2)
FNDA:0,(anonymous_3)
FNDA:0,(anonymous_4)
DA:1,7
DA:6,0
DA:7,0
DA:8,0
DA:9,0
DA:14,0
DA:15,0
DA:20,0
DA:21,0
DA:22,0
DA:24,0
DA:28,0
DA:29,0
DA:33,7
LF:14
LH:2
BRDA:21,0,0,0
BRDA:21,0,1,0
BRF:2
BRH:0
end_of_record
TN:
SF:models/reviews.js
FN:4,(anonymous_0)
FN:11,(anonymous_1)
FN:16,(anonymous_2)
FN:19,(anonymous_3)
FN:27,(anonymous_4)
FN:35,(anonymous_5)
FNF:6
FNH:2
FNDA:0,(anonymous_0)
FNDA:1,(anonymous_1)
FNDA:0,(anonymous_2)
FNDA:1,(anonymous_3)
FNDA:0,(anonymous_4)
FNDA:0,(anonymous_5)
DA:1,7
DA:5,0
DA:7,0
DA:12,1
DA:13,1
DA:14,1
DA:16,0
DA:20,1
DA:21,1
DA:22,1
DA:24,0
DA:28,0
DA:29,0
DA:30,0
DA:31,0
DA:32,0
DA:36,0
DA:37,0
DA:44,7
LF:19
LH:8
BRDA:13,0,0,1
BRDA:13,0,1,0
BRDA:21,1,0,1
BRDA:21,1,1,0
BRF:4
BRH:2
end_of_record
TN:
SF:models/token.js
FN:6,(anonymous_0)
FN:12,(anonymous_1)
FN:24,(anonymous_2)
FN:33,(anonymous_3)
FNF:4
FNH:3
FNDA:1,(anonymous_0)
FNDA:1,(anonymous_1)
FNDA:1,(anonymous_2)
FNDA:0,(anonymous_3)
DA:1,8
DA:3,8
DA:7,1
DA:8,1
DA:9,1
DA:13,1
DA:14,1
DA:17,1
DA:18,1
DA:19,1
DA:21,1
DA:25,1
DA:26,1
DA:27,0
DA:29,1
DA:34,0
DA:36,0
DA:37,0
DA:39,0
DA:44,8
LF:20
LH:15
BRDA:26,0,0,0
BRDA:26,0,1,1
BRDA:36,1,0,0
BRDA:36,1,1,0
BRF:4
BRH:1
end_of_record
TN:
SF:models/user.js
FN:5,(anonymous_0)
FN:11,(anonymous_1)
FN:19,(anonymous_2)
FN:27,(anonymous_3)
FNF:4
FNH:4
FNDA:2,(anonymous_0)
FNDA:2,(anonymous_1)
FNDA:1,(anonymous_2)
FNDA:2,(anonymous_3)
DA:1,7
DA:6,2
DA:7,2
DA:8,2
DA:12,2
DA:13,2
DA:14,1
DA:16,1
DA:20,1
DA:21,1
DA:22,0
DA:24,1
DA:28,2
DA:29,2
DA:30,2
DA:31,2
DA:32,1
DA:36,7
LF:18
LH:17
BRDA:13,0,0,1
BRDA:13,0,1,1
BRDA:21,1,0,0
BRDA:21,1,1,1
BRF:4
BRH:3
end_of_record
TN:
SF:routers/book.js
FNF:0
FNH:0
DA:1,5
DA:3,5
DA:5,5
DA:7,5
DA:9,5
DA:10,5
DA:11,5
DA:12,5
DA:15,5
LF:9
LH:9
BRF:0
BRH:0
end_of_record
TN:
SF:routers/classes.js
FNF:0
FNH:0
DA:1,5
DA:2,5
DA:3,5
DA:7,5
DA:8,5
DA:9,5
DA:10,5
DA:14,5
LF:8
LH:8
BRF:0
BRH:0
end_of_record
TN:
SF:routers/profile.js
FNF:0
FNH:0
DA:1,5
DA:3,5
DA:5,5
DA:7,5
DA:9,5
DA:10,5
DA:11,5
DA:13,5
LF:8
LH:8
BRF:0
BRH:0
end_of_record
TN:
SF:routers/reviews.js
FNF:0
FNH:0
DA:1,5
DA:3,5
DA:5,5
DA:7,5
DA:9,5
DA:10,5
DA:11,5
DA:12,5
DA:14,5
LF:9
LH:9
BRF:0
BRH:0
end_of_record
TN:
SF:routers/token.js
FNF:0
FNH:0
DA:1,5
DA:3,5
DA:4,5
DA:7,5
DA:9,5
LF:5
LH:5
BRF:0
BRH:0
end_of_record
TN:
SF:routers/user.js
FNF:0
FNH:0
DA:1,5
DA:3,5
DA:5,5
DA:7,5
DA:8,5
DA:11,5
LF:6
LH:6
BRF:0
BRH:0
end_of_record
