TN:
SF:api.js
FN:18,(anonymous_0)
FNF:1
FNH:1
FNDA:2,(anonymous_0)
DA:1,2
DA:2,2
DA:4,2
DA:6,2
DA:7,2
DA:8,2
DA:9,2
DA:11,2
DA:13,2
DA:14,2
DA:15,2
DA:18,2
DA:19,2
DA:25,2
DA:26,2
DA:27,2
DA:28,2
DA:30,2
LF:18
LH:18
BRF:0
BRH:0
end_of_record
TN:
SF:controllers/book.js
FN:3,(anonymous_0)
FN:12,(anonymous_1)
FN:22,(anonymous_2)
FN:32,(anonymous_3)
FNF:4
FNH:0
FNDA:0,(anonymous_0)
FNDA:0,(anonymous_1)
FNDA:0,(anonymous_2)
FNDA:0,(anonymous_3)
DA:1,2
DA:3,2
DA:4,0
DA:5,0
DA:6,0
DA:8,0
DA:12,2
DA:13,0
DA:14,0
DA:15,0
DA:16,0
DA:18,0
DA:22,2
DA:23,0
DA:24,0
DA:25,0
DA:26,0
DA:28,0
DA:32,2
DA:33,0
DA:34,0
DA:35,0
DA:36,0
DA:38,0
DA:40,0
DA:44,2
LF:26
LH:6
BRF:0
BRH:0
end_of_record
TN:
SF:controllers/classes.js
FN:3,index
FN:12,show
FN:22,showSpecific
FN:37,filterItems
FNF:4
FNH:3
FNDA:3,index
FNDA:1,show
FNDA:0,showSpecific
FNDA:1,filterItems
DA:1,3
DA:4,3
DA:5,3
DA:6,3
DA:8,0
DA:13,1
DA:14,1
DA:15,1
DA:16,1
DA:18,0
DA:23,0
DA:24,0
DA:25,0
DA:26,0
DA:30,0
DA:38,1
DA:39,1
DA:40,1
DA:41,1
DA:42,1
DA:43,1
DA:44,1
DA:45,1
DA:47,0
DA:65,3
LF:25
LH:17
BRF:0
BRH:0
end_of_record
TN:
SF:controllers/reviews.js
FN:3,(anonymous_0)
FN:12,(anonymous_1)
FN:22,(anonymous_2)
FN:32,(anonymous_3)
FNF:4
FNH:0
FNDA:0,(anonymous_0)
FNDA:0,(anonymous_1)
FNDA:0,(anonymous_2)
FNDA:0,(anonymous_3)
DA:1,2
DA:3,2
DA:4,0
DA:5,0
DA:6,0
DA:8,0
DA:12,2
DA:13,0
DA:14,0
DA:15,0
DA:16,0
DA:18,0
DA:22,2
DA:23,0
DA:24,0
DA:25,0
DA:26,0
DA:28,0
DA:32,2
DA:33,0
DA:34,0
DA:35,0
DA:36,0
DA:38,0
DA:40,0
DA:44,2
LF:26
LH:6
BRF:0
BRH:0
end_of_record
TN:
SF:controllers/user.js
FN:6,register
FN:17,login
FNF:2
FNH:0
FNDA:0,register
FNDA:0,login
DA:1,2
DA:3,2
DA:4,2
DA:7,0
DA:9,0
DA:10,0
DA:12,0
DA:13,0
DA:14,0
DA:18,0
DA:19,0
DA:20,0
DA:23,0
DA:25,0
DA:26,0
DA:28,0
DA:29,0
DA:30,0
DA:34,0
DA:38,2
LF:20
LH:4
BRDA:25,0,0,0
BRDA:25,0,1,0
BRF:2
BRH:0
end_of_record
TN:
SF:database/connect.js
FNF:0
FNH:0
DA:1,3
DA:3,3
DA:5,3
DA:9,3
DA:11,3
LF:5
LH:5
BRF:0
BRH:0
end_of_record
TN:
SF:middleware/authenticator.js
FN:3,authenticator
FNF:1
FNH:0
FNDA:0,authenticator
DA:1,2
DA:4,0
DA:5,0
DA:7,0
DA:8,0
DA:10,0
DA:11,0
DA:12,0
DA:14,0
DA:18,0
DA:22,2
LF:11
LH:2
BRDA:7,0,0,0
BRDA:7,0,1,0
BRDA:11,1,0,0
BRDA:11,1,1,0
BRF:4
BRH:0
end_of_record
TN:
SF:middleware/logger.js
FN:1,logRoutes
FNF:1
FNH:1
FNDA:6,logRoutes
DA:2,6
DA:3,6
DA:6,2
LF:3
LH:3
BRF:0
BRH:0
end_of_record
TN:
SF:models/Classes.js
FN:5,(anonymous_0)
FN:13,(anonymous_1)
FN:19,(anonymous_2)
FN:22,(anonymous_3)
FN:28,(anonymous_4)
FN:33,(anonymous_5)
FN:37,(anonymous_6)
FNF:7
FNH:5
FNDA:8,(anonymous_0)
FNDA:1,(anonymous_1)
FNDA:7,(anonymous_2)
FNDA:1,(anonymous_3)
FNDA:0,(anonymous_4)
FNDA:1,(anonymous_5)
FNDA:0,(anonymous_6)
DA:1,3
DA:6,8
DA:7,8
DA:8,8
DA:9,8
DA:14,1
DA:16,1
DA:17,0
DA:19,7
DA:23,1
DA:25,1
DA:29,0
DA:30,0
DA:35,1
DA:37,1
DA:48,3
LF:16
LH:13
BRDA:16,0,0,0
BRDA:16,0,1,1
BRF:2
BRH:1
end_of_record
TN:
SF:models/book.js
FN:4,(anonymous_0)
FN:12,(anonymous_1)
FN:14,(anonymous_2)
FN:17,(anonymous_3)
FN:25,(anonymous_4)
FN:33,(anonymous_5)
FNF:6
FNH:0
FNDA:0,(anonymous_0)
FNDA:0,(anonymous_1)
FNDA:0,(anonymous_2)
FNDA:0,(anonymous_3)
FNDA:0,(anonymous_4)
FNDA:0,(anonymous_5)
DA:1,2
DA:5,0
DA:6,0
DA:7,0
DA:8,0
DA:9,0
DA:13,0
DA:14,0
DA:18,0
DA:19,0
DA:20,0
DA:22,0
DA:26,0
DA:27,0
DA:28,0
DA:29,0
DA:30,0
DA:34,0
DA:35,0
DA:40,2
LF:20
LH:2
BRDA:19,0,0,0
BRDA:19,0,1,0
BRF:2
BRH:0
end_of_record
TN:
SF:models/reviews.js
FN:4,(anonymous_0)
FN:11,(anonymous_1)
FN:16,(anonymous_2)
FN:19,(anonymous_3)
FN:27,(anonymous_4)
FN:35,(anonymous_5)
FNF:6
FNH:0
FNDA:0,(anonymous_0)
FNDA:0,(anonymous_1)
FNDA:0,(anonymous_2)
FNDA:0,(anonymous_3)
FNDA:0,(anonymous_4)
FNDA:0,(anonymous_5)
DA:1,2
DA:5,0
DA:7,0
DA:12,0
DA:13,0
DA:14,0
DA:16,0
DA:20,0
DA:21,0
DA:22,0
DA:24,0
DA:28,0
DA:29,0
DA:30,0
DA:31,0
DA:32,0
DA:36,0
DA:37,0
DA:44,2
LF:19
LH:2
BRDA:13,0,0,0
BRDA:13,0,1,0
BRDA:21,1,0,0
BRDA:21,1,1,0
BRF:4
BRH:0
end_of_record
TN:
SF:models/token.js
FN:6,(anonymous_0)
FN:12,(anonymous_1)
FN:24,(anonymous_2)
FN:33,(anonymous_3)
FNF:4
FNH:0
FNDA:0,(anonymous_0)
FNDA:0,(anonymous_1)
FNDA:0,(anonymous_2)
FNDA:0,(anonymous_3)
DA:1,2
DA:3,2
DA:7,0
DA:8,0
DA:9,0
DA:13,0
DA:14,0
DA:17,0
DA:18,0
DA:19,0
DA:21,0
DA:25,0
DA:26,0
DA:27,0
DA:29,0
DA:34,0
DA:35,0
DA:36,0
DA:38,0
DA:43,2
LF:20
LH:3
BRDA:26,0,0,0
BRDA:26,0,1,0
BRDA:35,1,0,0
BRDA:35,1,1,0
BRF:4
BRH:0
end_of_record
TN:
SF:models/user.js
FN:5,(anonymous_0)
FN:11,(anonymous_1)
FN:19,(anonymous_2)
FN:27,(anonymous_3)
FNF:4
FNH:0
FNDA:0,(anonymous_0)
FNDA:0,(anonymous_1)
FNDA:0,(anonymous_2)
FNDA:0,(anonymous_3)
DA:1,2
DA:6,0
DA:7,0
DA:8,0
DA:12,0
DA:13,0
DA:14,0
DA:16,0
DA:20,0
DA:21,0
DA:22,0
DA:24,0
DA:28,0
DA:29,0
DA:30,0
DA:31,0
DA:32,0
DA:36,2
LF:18
LH:2
BRDA:13,0,0,0
BRDA:13,0,1,0
BRDA:21,1,0,0
BRDA:21,1,1,0
BRF:4
BRH:0
end_of_record
TN:
SF:routers/book.js
FNF:0
FNH:0
DA:1,2
DA:3,2
DA:5,2
DA:7,2
DA:9,2
DA:10,2
DA:11,2
DA:12,2
DA:15,2
LF:9
LH:9
BRF:0
BRH:0
end_of_record
TN:
SF:routers/classes.js
FNF:0
FNH:0
DA:1,2
DA:2,2
DA:3,2
DA:7,2
DA:8,2
DA:9,2
DA:13,2
LF:7
LH:7
BRF:0
BRH:0
end_of_record
TN:
SF:routers/reviews.js
FNF:0
FNH:0
DA:1,2
DA:3,2
DA:5,2
DA:7,2
DA:9,2
DA:10,2
DA:11,2
DA:12,2
DA:14,2
LF:9
LH:9
BRF:0
BRH:0
end_of_record
TN:
SF:routers/user.js
FNF:0
FNH:0
DA:1,2
DA:3,2
DA:5,2
DA:7,2
DA:8,2
DA:11,2
LF:6
LH:6
BRF:0
BRH:0
end_of_record
